<?xml version="1.0" encoding="UTF-8"?>
<!-- Generated by org.testng.reporters.JUnitXMLReporter -->
<testsuite ignored="0" hostname="MacBook-Pro-de-Antonio.local" failures="0" tests="11" name="Command line test" time="0.135" errors="0" timestamp="2021-09-09T21:35:50 PET">
  <testcase classname="vehicletest.VehicleTest" name="TestCarWhileRefuelFail" time="0.031"/>
  <testcase classname="vehicletest.VehicleTest" name="TestCarWhileRefuelSuccess" time="0.002"/>
  <testcase classname="vehicletest.VehicleTest" name="TestCarWhileTripFail" time="0.0"/>
  <testcase classname="vehicletest.VehicleTest" name="TestCarWhileTripSuccess" time="0.001"/>
  <testcase classname="vehicletest.VehicleTest" name="TestTruckWhileRefuelFail" time="0.0"/>
  <testcase classname="vehicletest.VehicleTest" name="TestTruckWhileRefuelSuccess" time="0.0"/>
  <testcase classname="vehicletest.VehicleTest" name="TestTruckWhileTripFail" time="0.001"/>
  <testcase classname="vehicletest.VehicleTest" name="TestTruckWhileTripSuccess" time="0.001"/>
  <testcase classname="vehicletest.VehicleTest" name="TestVehicleSetCapacity" time="0.001"/>
  <testcase classname="vehicletest.VehicleTest" name="TestVehicleSupplying" time="0.003"/>
  <testcase classname="vehicletest.VehicleTest" name="TestVehicleTrip" time="0.0"/>
</testsuite> <!-- Command line test -->
