<?xml version="1.0" encoding="UTF-8"?>
<!-- Generated by org.testng.reporters.JUnitXMLReporter -->
<testsuite ignored="0" hostname="MacBook-Pro-de-Antonio.local" failures="0" tests="91" name="Command line test" time="0.873" errors="0" timestamp="2021-09-10T19:59:26 PET">
  <testcase classname="vehicletest.VehicleTest" name="TestCarWhileRefuelFail" time="0.022"/>
  <testcase classname="vehicletest.VehicleTest" name="TestCarWhileRefuelSuccess" time="0.003"/>
  <testcase classname="vehicletest.VehicleTest" name="TestCarWhileTripFail" time="0.0"/>
  <testcase classname="vehicletest.VehicleTest" name="TestCarWhileTripSuccess" time="0.0"/>
  <testcase classname="vehicletest.VehicleTest" name="TestTruckWhileRefuelFail" time="0.0"/>
  <testcase classname="vehicletest.VehicleTest" name="TestTruckWhileRefuelSuccess" time="0.001"/>
  <testcase classname="vehicletest.VehicleTest" name="TestTruckWhileTripFail" time="0.0"/>
  <testcase classname="vehicletest.VehicleTest" name="TestTruckWhileTripSuccess" time="0.0"/>
  <testcase classname="vehicletest.VehicleTest" name="TestVehicleSetCapacity" time="0.0"/>
  <testcase classname="vehicletest.VehicleTest" name="TestVehicleSupplying" time="0.0"/>
  <testcase classname="vehicletest.VehicleTest" name="TestVehicleTrip" time="0.002"/>
  <testcase classname="vehicletest.TestTruckParallel" name="TestTruckRefuel" time="0.45"/>
  <testcase classname="vehicletest.TestTruckParallel" name="TestTruckRefuel" time="0.443"/>
  <testcase classname="vehicletest.TestTruckParallel" name="TestTruckRefuel" time="0.465"/>
  <testcase classname="vehicletest.TestTruckParallel" name="TestTruckRefuel" time="0.486"/>
  <testcase classname="vehicletest.TestTruckParallel" name="TestTruckRefuel" time="0.506"/>
  <testcase classname="vehicletest.TestTruckParallel" name="TestTruckRefuel" time="0.543"/>
  <testcase classname="vehicletest.TestTruckParallel" name="TestTruckRefuel" time="0.512"/>
  <testcase classname="vehicletest.TestTruckParallel" name="TestTruckRefuel" time="0.478"/>
  <testcase classname="vehicletest.TestTruckParallel" name="TestTruckRefuel" time="0.545"/>
  <testcase classname="vehicletest.TestTruckParallel" name="TestTruckRefuel" time="0.526"/>
  <testcase classname="vehicletest.TestTruckParallel" name="TestTruckRefuel" time="0.496"/>
  <testcase classname="vehicletest.TestTruckParallel" name="TestTruckRefuel" time="0.527"/>
  <testcase classname="vehicletest.TestTruckParallel" name="TestTruckRefuel" time="0.514"/>
  <testcase classname="vehicletest.TestTruckParallel" name="TestTruckRefuel" time="0.48"/>
  <testcase classname="vehicletest.TestTruckParallel" name="TestTruckRefuel" time="0.473"/>
  <testcase classname="vehicletest.TestTruckParallel" name="TestTruckRefuel" time="0.497"/>
  <testcase classname="vehicletest.TestTruckParallel" name="TestTruckRefuel" time="0.547"/>
  <testcase classname="vehicletest.TestTruckParallel" name="TestTruckRefuel" time="0.497"/>
  <testcase classname="vehicletest.TestTruckParallel" name="TestTruckRefuel" time="0.497"/>
  <testcase classname="vehicletest.TestTruckParallel" name="TestTruckRefuel" time="0.541"/>
  <testcase classname="vehicletest.TestTruckParallel" name="TestTruckRefuel" time="0.538"/>
  <testcase classname="vehicletest.TestTruckParallel" name="TestTruckRefuel" time="0.531"/>
  <testcase classname="vehicletest.TestTruckParallel" name="TestTruckRefuel" time="0.503"/>
  <testcase classname="vehicletest.TestTruckParallel" name="TestTruckRefuel" time="0.5"/>
  <testcase classname="vehicletest.TestTruckParallel" name="TestTruckRefuel" time="0.52"/>
  <testcase classname="vehicletest.TestTruckParallel" name="TestTruckRefuel" time="0.493"/>
  <testcase classname="vehicletest.TestTruckParallel" name="TestTruckRefuel" time="0.532"/>
  <testcase classname="vehicletest.TestTruckParallel" name="TestTruckRefuel" time="0.498"/>
  <testcase classname="vehicletest.TestTruckParallel" name="TestTruckRefuel" time="0.492"/>
  <testcase classname="vehicletest.TestTruckParallel" name="TestTruckRefuel" time="0.552"/>
  <testcase classname="vehicletest.TestTruckParallel" name="TestTruckRefuel" time="0.574"/>
  <testcase classname="vehicletest.TestTruckParallel" name="TestTruckRefuel" time="0.572"/>
  <testcase classname="vehicletest.TestTruckParallel" name="TestTruckRefuel" time="0.575"/>
  <testcase classname="vehicletest.TestTruckParallel" name="TestTruckRefuel" time="0.541"/>
  <testcase classname="vehicletest.TestTruckParallel" name="TestTruckRefuel" time="0.526"/>
  <testcase classname="vehicletest.TestTruckParallel" name="TestTruckRefuel" time="0.537"/>
  <testcase classname="vehicletest.TestTruckParallel" name="TestTruckRefuel" time="0.574"/>
  <testcase classname="vehicletest.TestTruckParallel" name="TestTruckRefuel" time="0.546"/>
  <testcase classname="vehicletest.TestTruckParallel" name="TestTruckRefuel" time="0.547"/>
  <testcase classname="vehicletest.TestTruckParallel" name="TestTruckRefuel" time="0.535"/>
  <testcase classname="vehicletest.TestTruckParallel" name="TestTruckRefuel" time="0.534"/>
  <testcase classname="vehicletest.TestTruckParallel" name="TestTruckRefuel" time="0.519"/>
  <testcase classname="vehicletest.TestTruckParallel" name="TestTruckRefuel" time="0.555"/>
  <testcase classname="vehicletest.TestTruckParallel" name="TestTruckRefuel" time="0.591"/>
  <testcase classname="vehicletest.TestTruckParallel" name="TestTruckRefuel" time="0.592"/>
  <testcase classname="vehicletest.TestTruckParallel" name="TestTruckRefuel" time="0.546"/>
  <testcase classname="vehicletest.TestTruckParallel" name="TestTruckRefuel" time="0.573"/>
  <testcase classname="vehicletest.TestTruckParallel" name="TestTruckRefuel" time="0.594"/>
  <testcase classname="vehicletest.TestTruckParallel" name="TestTruckRefuel" time="0.567"/>
  <testcase classname="vehicletest.TestTruckParallel" name="TestTruckRefuel" time="0.577"/>
  <testcase classname="vehicletest.TestTruckParallel" name="TestTruckRefuel" time="0.63"/>
  <testcase classname="vehicletest.TestTruckParallel" name="TestTruckRefuel" time="0.635"/>
  <testcase classname="vehicletest.TestTruckParallel" name="TestTruckRefuel" time="0.614"/>
  <testcase classname="vehicletest.TestTruckParallel" name="TestTruckRefuel" time="0.584"/>
  <testcase classname="vehicletest.TestTruckParallel" name="TestTruckRefuel" time="0.567"/>
  <testcase classname="vehicletest.TestTruckParallel" name="TestTruckRefuel" time="0.631"/>
  <testcase classname="vehicletest.TestTruckParallel" name="TestTruckRefuel" time="0.587"/>
  <testcase classname="vehicletest.TestTruckParallel" name="TestTruckRefuel" time="0.584"/>
  <testcase classname="vehicletest.TestTruckParallel" name="TestTruckRefuel" time="0.586"/>
  <testcase classname="vehicletest.TestTruckParallel" name="TestTruckRefuel" time="0.574"/>
  <testcase classname="vehicletest.TestTruckParallel" name="TestTruckRefuel" time="0.602"/>
  <testcase classname="vehicletest.TestTruckParallel" name="TestTruckRefuel" time="0.625"/>
  <testcase classname="vehicletest.TestTruckParallel" name="TestTruckRefuel" time="0.601"/>
  <testcase classname="vehicletest.TestTruckParallel" name="TestTruckRefuel" time="0.582"/>
  <testcase classname="vehicletest.TestTruckParallel" name="TestTruckRefuel" time="0.622"/>
  <testcase classname="vehicletest.TestTruckParallel" name="TestTruckRefuel" time="0.583"/>
  <testcase classname="vehicletest.TestTruckParallel" name="TestTruckRefuel" time="0.57"/>
  <testcase classname="vehicletest.TestTruckParallel" name="TestTruckRefuel" time="0.58"/>
  <testcase classname="vehicletest.TestTruckParallel" name="TestTruckRefuel" time="0.564"/>
  <testcase classname="vehicletest.TestTruckParallel" name="TestTruckRefuel" time="0.602"/>
  <testcase classname="vehicletest.TestTruckParallel" name="TestTruckRefuel" time="0.635"/>
  <testcase classname="vehicletest.TestTruckParallel" name="TestTruckRefuel" time="0.589"/>
  <testcase classname="vehicletest.TestTruckParallel" name="TestTruckRefuel" time="0.622"/>
  <testcase classname="vehicletest.TestTruckParallel" name="TestTruckRefuel" time="0.64"/>
  <testcase classname="vehicletest.TestTruckParallel" name="TestTruckRefuel" time="0.592"/>
  <testcase classname="vehicletest.TestTruckParallel" name="TestTruckRefuel" time="0.614"/>
  <testcase classname="vehicletest.TestTruckParallel" name="TestTruckRefuel" time="0.609"/>
  <testcase classname="vehicletest.TestTruckParallel" name="TestTruckRefuel" time="0.597"/>
  <testcase classname="vehicletest.TestTruckParallel" name="TestTruckRefuel" time="0.647"/>
  <testcase classname="vehicletest.TestTruckParallel" name="TestTruckRefuel" time="0.597"/>
</testsuite> <!-- Command line test -->
