<?xml version="1.0" encoding="UTF-8"?>
<testng-results ignored="0" total="1" passed="1" failed="0" skipped="0">
  <reporter-output>
  </reporter-output>
  <suite started-at="2021-09-09T20:29:30 PET" name="vehicletest.VehicleTest" finished-at="2021-09-09T20:29:30 PET" duration-ms="89">
    <groups>
    </groups>
    <test started-at="2021-09-09T20:29:30 PET" name="Command line test" finished-at="2021-09-09T20:29:30 PET" duration-ms="89">
      <class name="vehicletest.VehicleTest">
        <test-method signature="TestTruckWhileTripSuccess()[pri:0, instance:vehicletest.VehicleTest@24c1b2d2]" started-at="2021-09-09T20:29:30 PET" name="TestTruckWhileTripSuccess" finished-at="2021-09-09T20:29:30 PET" duration-ms="21" status="PASS">
          <reporter-output>
          </reporter-output>
        </test-method> <!-- TestTruckWhileTripSuccess -->
      </class> <!-- vehicletest.VehicleTest -->
    </test> <!-- Command line test -->
  </suite> <!-- vehicletest.VehicleTest -->
</testng-results>
