<?xml version="1.0" encoding="UTF-8" ?>
<testsuite tests="11" failures="2" name="vehicletest.VehicleTest" time="0.044" errors="0" skipped="0">
  <properties>
[...]
</properties>
  <testcase classname="vehicletest.VehicleTest" name="TestCarWhileRefuelFail" time="0.02"/>
  <testcase classname="vehicletest.VehicleTest" name="TestCarWhileRefuelSuccess" time="0"/>
  <testcase classname="vehicletest.VehicleTest" name="TestCarWhileTripFail" time="0"/>
  <testcase classname="vehicletest.VehicleTest" name="TestCarWhileTripSuccess" time="0"/>
  <testcase classname="vehicletest.VehicleTest" name="TestTruckWhileRefuelFail" time="0.023">
    <failure message="expected [Camíon  no  se  puede  reabastecer  el  tanque,  sobrepasa la capacidad] but found [Cami��on  no  se  puede  reabastecer  el  tanque,  sobrepasa la capacidad]" type="java.lang.AssertionError">java.lang.AssertionError: expected [Camíon  no  se  puede  reabastecer  el  tanque,  sobrepasa la capacidad] but found [Cami��on  no  se  puede  reabastecer  el  tanque,  sobrepasa la capacidad]
	at org.testng.Assert.fail(Assert.java:99)
	at org.testng.Assert.failNotEquals(Assert.java:1037)
	at org.testng.Assert.assertEqualsImpl(Assert.java:140)
	at org.testng.Assert.assertEquals(Assert.java:122)
	at org.testng.Assert.assertEquals(Assert.java:629)
	at org.testng.Assert.assertEquals(Assert.java:639)
	at vehicletest.VehicleTest.TestTruckWhileRefuelFail(VehicleTest.java:35)
</failure>
  </testcase>
  <testcase classname="vehicletest.VehicleTest" name="TestTruckWhileRefuelSuccess" time="0"/>
  <testcase classname="vehicletest.VehicleTest" name="TestTruckWhileTripFail" time="0">
    <failure message="expected [Camión necesita reabastecimiento de combustible] but found [Cami��n necesita reabastecimiento de combustible]" type="java.lang.AssertionError">java.lang.AssertionError: expected [Camión necesita reabastecimiento de combustible] but found [Cami��n necesita reabastecimiento de combustible]
	at org.testng.Assert.fail(Assert.java:99)
	at org.testng.Assert.failNotEquals(Assert.java:1037)
	at org.testng.Assert.assertEqualsImpl(Assert.java:140)
	at org.testng.Assert.assertEquals(Assert.java:122)
	at org.testng.Assert.assertEquals(Assert.java:629)
	at org.testng.Assert.assertEquals(Assert.java:639)
	at vehicletest.VehicleTest.TestTruckWhileTripFail(VehicleTest.java:28)
</failure>
  </testcase>
  <testcase classname="vehicletest.VehicleTest" name="TestTruckWhileTripSuccess" time="0"/>
  <testcase classname="vehicletest.VehicleTest" name="TestVehicleSetCapacity" time="0"/>
  <testcase classname="vehicletest.VehicleTest" name="TestVehicleSupplying" time="0"/>
  <testcase classname="vehicletest.VehicleTest" name="TestVehicleTrip" time="0.001"/>
</testsuite>