<?xml version="1.0" encoding="UTF-8"?>
<testng-results ignored="0" total="4" passed="4" failed="0" skipped="0">
  <reporter-output>
  </reporter-output>
  <suite started-at="2021-09-09T20:51:34 PET" name="vehicletest.VehicleTest" finished-at="2021-09-09T20:51:34 PET" duration-ms="86">
    <groups>
    </groups>
    <test started-at="2021-09-09T20:51:34 PET" name="Command line test" finished-at="2021-09-09T20:51:34 PET" duration-ms="86">
      <class name="vehicletest.VehicleTest">
        <test-method signature="TestTruckWhileRefuelFail()[pri:0, instance:vehicletest.VehicleTest@798162bc]" started-at="2021-09-09T20:51:34 PET" name="TestTruckWhileRefuelFail" finished-at="2021-09-09T20:51:34 PET" duration-ms="18" status="PASS">
          <reporter-output>
          </reporter-output>
        </test-method> <!-- TestTruckWhileRefuelFail -->
        <test-method signature="TestTruckWhileRefuelSuccess()[pri:0, instance:vehicletest.VehicleTest@798162bc]" started-at="2021-09-09T20:51:34 PET" name="TestTruckWhileRefuelSuccess" finished-at="2021-09-09T20:51:34 PET" duration-ms="1" status="PASS">
          <reporter-output>
          </reporter-output>
        </test-method> <!-- TestTruckWhileRefuelSuccess -->
        <test-method signature="TestTruckWhileTripFail()[pri:0, instance:vehicletest.VehicleTest@798162bc]" started-at="2021-09-09T20:51:34 PET" name="TestTruckWhileTripFail" finished-at="2021-09-09T20:51:34 PET" duration-ms="0" status="PASS">
          <reporter-output>
          </reporter-output>
        </test-method> <!-- TestTruckWhileTripFail -->
        <test-method signature="TestTruckWhileTripSuccess()[pri:0, instance:vehicletest.VehicleTest@798162bc]" started-at="2021-09-09T20:51:34 PET" name="TestTruckWhileTripSuccess" finished-at="2021-09-09T20:51:34 PET" duration-ms="0" status="PASS">
          <reporter-output>
          </reporter-output>
        </test-method> <!-- TestTruckWhileTripSuccess -->
      </class> <!-- vehicletest.VehicleTest -->
    </test> <!-- Command line test -->
  </suite> <!-- vehicletest.VehicleTest -->
</testng-results>
