<?xml version="1.0" encoding="UTF-8"?>
<testng-results ignored="0" total="2" passed="2" failed="0" skipped="0">
  <reporter-output>
  </reporter-output>
  <suite started-at="2021-09-09T20:46:44 PET" name="vehicletest.VehicleTest" finished-at="2021-09-09T20:46:44 PET" duration-ms="110">
    <groups>
    </groups>
    <test started-at="2021-09-09T20:46:44 PET" name="Command line test" finished-at="2021-09-09T20:46:44 PET" duration-ms="110">
      <class name="vehicletest.VehicleTest">
        <test-method signature="TestTruckWhileRefuelSuccess()[pri:0, instance:vehicletest.VehicleTest@508dec2b]" started-at="2021-09-09T20:46:44 PET" name="TestTruckWhileRefuelSuccess" finished-at="2021-09-09T20:46:44 PET" duration-ms="21" status="PASS">
          <reporter-output>
          </reporter-output>
        </test-method> <!-- TestTruckWhileRefuelSuccess -->
        <test-method signature="TestTruckWhileTripSuccess()[pri:0, instance:vehicletest.VehicleTest@508dec2b]" started-at="2021-09-09T20:46:44 PET" name="TestTruckWhileTripSuccess" finished-at="2021-09-09T20:46:44 PET" duration-ms="0" status="PASS">
          <reporter-output>
          </reporter-output>
        </test-method> <!-- TestTruckWhileTripSuccess -->
      </class> <!-- vehicletest.VehicleTest -->
    </test> <!-- Command line test -->
  </suite> <!-- vehicletest.VehicleTest -->
</testng-results>
